<?xml version="1.0" encoding="UTF-8"?>
<testng-results skipped="0" failed="0" ignored="0" total="1" passed="1">
  <reporter-output>
  </reporter-output>
  <suite name="Surefire suite" duration-ms="8364" started-at="2020-04-12T12:00:10 IST" finished-at="2020-04-12T12:00:18 IST">
    <groups>
    </groups>
    <test name="Surefire test" duration-ms="8364" started-at="2020-04-12T12:00:10 IST" finished-at="2020-04-12T12:00:18 IST">
      <class name="test.BaseTest">
        <test-method status="PASS" signature="browserSet()[pri:0, instance:test.BaseTest@cb644e]" name="browserSet" duration-ms="8272" started-at="2020-04-12T12:00:10 IST" finished-at="2020-04-12T12:00:18 IST">
          <reporter-output>
          </reporter-output>
        </test-method> <!-- browserSet -->
      </class> <!-- test.BaseTest -->
    </test> <!-- Surefire test -->
  </suite> <!-- Surefire suite -->
</testng-results>
