<?xml version="1.0" encoding="UTF-8"?>
<testng-results skipped="0" failed="0" ignored="0" total="1" passed="1">
  <reporter-output>
  </reporter-output>
  <suite name="Default suite" duration-ms="17484" started-at="2020-04-11T12:22:03 IST" finished-at="2020-04-11T12:22:20 IST">
    <groups>
    </groups>
    <test name="Default test" duration-ms="17484" started-at="2020-04-11T12:22:03 IST" finished-at="2020-04-11T12:22:20 IST">
      <class name="test.BaseTest">
        <test-method status="PASS" signature="browserSet()[pri:0, instance:test.BaseTest@4f063c0a]" name="browserSet" duration-ms="17396" started-at="2020-04-11T12:22:03 IST" finished-at="2020-04-11T12:22:20 IST">
          <reporter-output>
          </reporter-output>
        </test-method> <!-- browserSet -->
      </class> <!-- test.BaseTest -->
    </test> <!-- Default test -->
  </suite> <!-- Default suite -->
</testng-results>
